{
  "RSpec": {
    "coverage": {
      "/Users/alexdnz/Desktop/THPlive/e-shop/spec/support/controller_macros.rb": [
        null,
        null,
        1,
        1,
        0,
        0,
        0,
        null,
        null,
        null,
        1,
        0,
        0,
        0,
        0,
        0,
        null,
        null,
        null
      ],
      "/Users/alexdnz/Desktop/THPlive/e-shop/spec/support/factory_bot.rb": [
        null,
        null,
        1,
        1,
        1,
        null
      ],
      "/Users/alexdnz/Desktop/THPlive/e-shop/spec/controllers/category_items_controller_spec.rb": [
        null,
        null,
        1,
        null,
        1,
        1,
        null
      ],
      "/Users/alexdnz/Desktop/THPlive/e-shop/app/controllers/category_items_controller.rb": [
        null,
        null,
        1,
        null
      ],
      "/Users/alexdnz/Desktop/THPlive/e-shop/app/controllers/application_controller.rb": [
        null,
        null,
        1,
        null
      ],
      "/Users/alexdnz/Desktop/THPlive/e-shop/spec/controllers/home_controller_spec.rb": [
        1,
        null,
        1,
        null,
        null
      ],
      "/Users/alexdnz/Desktop/THPlive/e-shop/app/controllers/home_controller.rb": [
        1,
        null
      ],
      "/Users/alexdnz/Desktop/THPlive/e-shop/spec/controllers/items_controller_spec.rb": [
        null,
        null,
        1,
        null,
        1,
        1,
        null
      ],
      "/Users/alexdnz/Desktop/THPlive/e-shop/app/controllers/items_controller.rb": [
        null,
        null,
        1,
        null
      ],
      "/Users/alexdnz/Desktop/THPlive/e-shop/spec/helpers/categories_helper_spec.rb": [
        null,
        null,
        1,
        null,
        null,
        null,
        null,
        null,
        null,
        null,
        null,
        null,
        null,
        null,
        1,
        1,
        null
      ],
      "/Users/alexdnz/Desktop/THPlive/e-shop/spec/helpers/category_items_helper_spec.rb": [
        null,
        null,
        1,
        null,
        null,
        null,
        null,
        null,
        null,
        null,
        null,
        null,
        null,
        null,
        1,
        1,
        null
      ],
      "/Users/alexdnz/Desktop/THPlive/e-shop/spec/helpers/home_helper_spec.rb": [
        1,
        null,
        null,
        null,
        null,
        null,
        null,
        null,
        null,
        null,
        null,
        null,
        1,
        1,
        null
      ],
      "/Users/alexdnz/Desktop/THPlive/e-shop/spec/helpers/items_helper_spec.rb": [
        null,
        null,
        1,
        null,
        null,
        null,
        null,
        null,
        null,
        null,
        null,
        null,
        null,
        null,
        1,
        1,
        null
      ],
      "/Users/alexdnz/Desktop/THPlive/e-shop/spec/models/category_item_spec.rb": [
        null,
        null,
        null,
        null,
        null,
        null,
        null,
        null,
        null,
        null,
        null,
        null,
        null,
        null,
        null,
        null,
        null,
        null,
        null,
        null,
        null,
        null,
        null,
        1,
        null,
        1,
        3,
        null,
        1,
        4,
        null,
        1,
        2,
        2,
        2,
        null,
        null,
        null,
        1,
        1,
        2,
        null,
        null,
        1,
        2,
        null,
        null,
        null
      ],
      "/Users/alexdnz/Desktop/THPlive/e-shop/app/models/category_item.rb": [
        null,
        null,
        null,
        null,
        null,
        null,
        null,
        null,
        null,
        null,
        null,
        null,
        null,
        null,
        null,
        null,
        null,
        null,
        null,
        null,
        null,
        null,
        null,
        1,
        1,
        1,
        null
      ],
      "/Users/alexdnz/Desktop/THPlive/e-shop/spec/models/category_spec.rb": [
        null,
        null,
        null,
        null,
        null,
        null,
        null,
        null,
        null,
        null,
        null,
        null,
        1,
        null,
        1,
        1,
        3,
        null,
        1,
        2,
        2,
        null,
        null,
        null,
        null,
        1,
        1,
        2,
        null,
        null,
        null
      ],
      "/Users/alexdnz/Desktop/THPlive/e-shop/app/models/category.rb": [
        null,
        null,
        null,
        null,
        null,
        null,
        null,
        null,
        null,
        null,
        null,
        null,
        1,
        1,
        1,
        null,
        1,
        null
      ],
      "/Users/alexdnz/Desktop/THPlive/e-shop/spec/models/item_spec.rb": [
        null,
        null,
        null,
        null,
        null,
        null,
        null,
        null,
        null,
        null,
        null,
        null,
        null,
        null,
        null,
        null,
        1,
        null,
        1,
        6,
        null,
        1,
        7,
        null,
        1,
        2,
        2,
        2,
        2,
        2,
        2,
        null,
        null,
        null,
        1,
        1,
        null,
        null,
        1,
        1,
        1,
        null,
        null,
        1,
        2,
        null,
        null,
        1,
        2,
        null,
        null,
        1,
        2,
        null,
        null,
        1,
        2,
        null,
        null,
        null
      ],
      "/Users/alexdnz/Desktop/THPlive/e-shop/app/models/item.rb": [
        null,
        null,
        null,
        null,
        null,
        null,
        null,
        null,
        null,
        null,
        null,
        null,
        null,
        null,
        null,
        null,
        1,
        1,
        1,
        1,
        1,
        null
      ],
      "/Users/alexdnz/Desktop/THPlive/e-shop/spec/models/user_spec.rb": [
        null,
        null,
        null,
        null,
        null,
        null,
        null,
        null,
        null,
        null,
        null,
        null,
        null,
        null,
        null,
        null,
        null,
        null,
        null,
        null,
        null,
        null,
        1,
        null,
        1,
        1,
        null
      ]
    },
    "timestamp": 1555669862
  }
}
