{
  "RSpec": {
    "coverage": {
      "/Users/margauxvanderbeken/Desktop/e-shop/spec/support/controller_macros.rb": [
        null,
        null,
        1,
        1,
        0,
        0,
        0,
        null,
        null,
        null,
        1,
        0,
        0,
        0,
        0,
        0,
        null,
        null,
        null
      ],
      "/Users/margauxvanderbeken/Desktop/e-shop/spec/support/factory_bot.rb": [
        null,
        null,
        1,
        1,
        1,
        null
      ],
      "/Users/margauxvanderbeken/Desktop/e-shop/spec/controllers/categories_controller_spec.rb": [
        1,
        null,
        1,
        null,
        null
      ],
      "/Users/margauxvanderbeken/Desktop/e-shop/app/controllers/categories_controller.rb": [
        1,
        null
      ],
      "/Users/margauxvanderbeken/Desktop/e-shop/app/controllers/application_controller.rb": [
        null,
        null,
        1,
        null
      ],
      "/Users/margauxvanderbeken/Desktop/e-shop/spec/helpers/categories_helper_spec.rb": [
        1,
        null,
        null,
        null,
        null,
        null,
        null,
        null,
        null,
        null,
        null,
        null,
        1,
        1,
        null
      ],
      "/Users/margauxvanderbeken/Desktop/e-shop/spec/models/category_spec.rb": [
        null,
        null,
        null,
        null,
        null,
        null,
        null,
        null,
        null,
        null,
        null,
        null,
        null,
        1,
        null,
        1,
        1,
        3,
        null,
        1,
        2,
        2,
        null,
        null,
        null,
        null,
        1,
        1,
        2,
        null,
        null,
        null
      ],
      "/Users/margauxvanderbeken/Desktop/e-shop/app/models/category.rb": [
        null,
        null,
        null,
        null,
        null,
        null,
        null,
        null,
        null,
        null,
        null,
        null,
        null,
        1,
        null,
        1,
        null
      ],
      "/Users/margauxvanderbeken/Desktop/e-shop/app/models/application_record.rb": [
        null,
        null,
        1,
        1,
        null
      ]
    },
    "timestamp": 1555597789
  }
}
